INFO [2025-03-14 13:57:19] $x
INFO [2025-03-14 13:57:19] list(FusedvParental = fvp_tab_venn$SYMBOL %>% na.omit(), ResistantvParental = rvp_tab_venn$SYMBOL %>% 
INFO [2025-03-14 13:57:19]     na.omit(), FusedvsResistant = fvr_tab_venn$SYMBOL %>% na.omit())
INFO [2025-03-14 13:57:19] 
INFO [2025-03-14 13:57:19] $filename
INFO [2025-03-14 13:57:19] [1] "venn.png"
INFO [2025-03-14 13:57:19] 
INFO [2025-03-14 13:57:19] $output
INFO [2025-03-14 13:57:19] [1] TRUE
INFO [2025-03-14 13:57:19] 
INFO [2025-03-14 13:57:19] $fill
INFO [2025-03-14 13:57:19] c("lightblue", "lightgreen", "lightpink")
INFO [2025-03-14 13:57:19] 
INFO [2025-03-14 13:57:19] $alpha
INFO [2025-03-14 13:57:19] [1] 0.5
INFO [2025-03-14 13:57:19] 
INFO [2025-03-14 13:57:19] $label.col
INFO [2025-03-14 13:57:19] [1] "black"
INFO [2025-03-14 13:57:19] 
INFO [2025-03-14 13:57:19] $cat.col
INFO [2025-03-14 13:57:19] c("black", "black", "black")
INFO [2025-03-14 13:57:19] 
INFO [2025-03-14 13:57:19] $cat.cex
INFO [2025-03-14 13:57:19] [1] 1
INFO [2025-03-14 13:57:19] 
INFO [2025-03-14 13:57:19] $cex
INFO [2025-03-14 13:57:19] [1] 1
INFO [2025-03-14 13:57:19] 
INFO [2025-03-14 13:57:19] $main
INFO [2025-03-14 13:57:19] [1] "Significantly Differentially Expressed Gene Lists"
INFO [2025-03-14 13:57:19] 
INFO [2025-03-14 13:57:19] $main.cex
INFO [2025-03-14 13:57:19] [1] 1.5
INFO [2025-03-14 13:57:19] 
